INFO: OpenGL shaders: ENABLED
INFO: Created renderer: opengl
INFO: ImageCount: 148
INFO: ImageClass: Compressed animation
INFO: ImageSize: 661912
INFO: Field #0: 1
INFO: Field #1: 1
INFO: Field #2: 0
INFO: Field #3: 148
INFO: Field #4: 0
INFO: Field #5: 2
INFO: Field #6: 0
INFO: Field #7: 0
INFO: Field #8: 9
INFO: Field #9: 0
INFO: Field #10: 0
INFO: Field #11: 0
INFO: Field #12: 185
INFO: Field #13: 185
INFO: Field #14: 0
INFO: Field #15: 0
INFO: Field #16: 1
INFO: Field #17: 1
INFO: Field #18: 58
INFO: Field #19: 178
INFO: Field #20: 661912
INFO: Field #21: 0
INFO: # 0
INFO: Width: 185
INFO: Height: 185
INFO: PosX: 0
INFO: PosY: 0
INFO: Group: 0
INFO: GroupSize: 0
INFO: TileY: 0
INFO: TileOrient: 0
INFO: Horizontal Offset: 0
INFO: Box Width: 0
INFO: Flags: 0
INFO: # 1
INFO: Width: 185
INFO: Height: 185
INFO: PosX: 186
INFO: PosY: 0
INFO: Group: 255
INFO: GroupSize: 255
INFO: TileY: 0
INFO: TileOrient: 0
INFO: Horizontal Offset: 0
INFO: Box Width: 0
INFO: Flags: 1
INFO: # 2
INFO: Width: 185
INFO: Height: 185
INFO: PosX: 372
INFO: PosY: 0
INFO: Group: 0
INFO: GroupSize: 0
INFO: TileY: 0
INFO: TileOrient: 0
INFO: Horizontal Offset: 0
INFO: Box Width: 0
INFO: Flags: 0
INFO: # 3
INFO: Width: 185
INFO: Height: 185
INFO: PosX: 558
INFO: PosY: 0
INFO: Group: 255
INFO: GroupSize: 255
INFO: TileY: 0
INFO: TileOrient: 0
INFO: Horizontal Offset: 0
INFO: Box Width: 0
INFO: Flags: 1
INFO: # 4
INFO: Width: 185
INFO: Height: 185
INFO: PosX: 744
INFO: PosY: 0
INFO: Group: 0
INFO: GroupSize: 0
INFO: TileY: 0
INFO: TileOrient: 0
INFO: Horizontal Offset: 0
INFO: Box Width: 0
INFO: Flags: 0
INFO: # 5
INFO: Width: 185
INFO: Height: 185
INFO: PosX: 930
INFO: PosY: 0
INFO: Group: 255
INFO: GroupSize: 255
INFO: TileY: 0
INFO: TileOrient: 0
INFO: Horizontal Offset: 0
INFO: Box Width: 0
INFO: Flags: 1
INFO: # 6
INFO: Width: 185
INFO: Height: 185
INFO: PosX: 1116
INFO: PosY: 0
INFO: Group: 0
INFO: GroupSize: 0
INFO: TileY: 0
INFO: TileOrient: 0
INFO: Horizontal Offset: 0
INFO: Box Width: 0
INFO: Flags: 0
INFO: # 7
INFO: Width: 185
INFO: Height: 185
INFO: PosX: 1302
INFO: PosY: 0
INFO: Group: 255
INFO: GroupSize: 255
INFO: TileY: 0
INFO: TileOrient: 0
INFO: Horizontal Offset: 0
INFO: Box Width: 0
INFO: Flags: 1
INFO: # 8
INFO: Width: 185
INFO: Height: 185
INFO: PosX: 0
INFO: PosY: 186
INFO: Group: 0
INFO: GroupSize: 0
INFO: TileY: 0
INFO: TileOrient: 0
INFO: Horizontal Offset: 0
INFO: Box Width: 0
INFO: Flags: 0
INFO: # 9
INFO: Width: 185
INFO: Height: 185
INFO: PosX: 186
INFO: PosY: 186
INFO: Group: 255
INFO: GroupSize: 255
INFO: TileY: 0
INFO: TileOrient: 0
INFO: Horizontal Offset: 0
INFO: Box Width: 0
INFO: Flags: 1
INFO: # 10
INFO: Width: 185
INFO: Height: 185
INFO: PosX: 372
INFO: PosY: 186
INFO: Group: 0
INFO: GroupSize: 0
INFO: TileY: 0
INFO: TileOrient: 0
INFO: Horizontal Offset: 0
INFO: Box Width: 0
INFO: Flags: 0
INFO: # 11
INFO: Width: 185
INFO: Height: 185
INFO: PosX: 558
INFO: PosY: 186
INFO: Group: 255
INFO: GroupSize: 255
INFO: TileY: 0
INFO: TileOrient: 0
INFO: Horizontal Offset: 0
INFO: Box Width: 0
INFO: Flags: 1
INFO: # 12
INFO: Width: 185
INFO: Height: 185
INFO: PosX: 744
INFO: PosY: 186
INFO: Group: 0
INFO: GroupSize: 0
INFO: TileY: 0
INFO: TileOrient: 0
INFO: Horizontal Offset: 0
INFO: Box Width: 0
INFO: Flags: 0
INFO: # 13
INFO: Width: 185
INFO: Height: 185
INFO: PosX: 930
INFO: PosY: 186
INFO: Group: 255
INFO: GroupSize: 255
INFO: TileY: 0
INFO: TileOrient: 0
INFO: Horizontal Offset: 0
INFO: Box Width: 0
INFO: Flags: 1
INFO: # 14
INFO: Width: 185
INFO: Height: 185
INFO: PosX: 1116
INFO: PosY: 186
INFO: Group: 0
INFO: GroupSize: 0
INFO: TileY: 0
INFO: TileOrient: 0
INFO: Horizontal Offset: 0
INFO: Box Width: 0
INFO: Flags: 0
INFO: # 15
INFO: Width: 185
INFO: Height: 185
INFO: PosX: 1302
INFO: PosY: 186
INFO: Group: 255
INFO: GroupSize: 255
INFO: TileY: 0
INFO: TileOrient: 0
INFO: Horizontal Offset: 0
INFO: Box Width: 0
INFO: Flags: 1
INFO: # 16
INFO: Width: 185
INFO: Height: 185
INFO: PosX: 0
INFO: PosY: 372
INFO: Group: 0
INFO: GroupSize: 0
INFO: TileY: 0
INFO: TileOrient: 0
INFO: Horizontal Offset: 0
INFO: Box Width: 0
INFO: Flags: 0
INFO: # 17
INFO: Width: 185
INFO: Height: 185
INFO: PosX: 186
INFO: PosY: 372
INFO: Group: 255
INFO: GroupSize: 255
INFO: TileY: 0
INFO: TileOrient: 0
INFO: Horizontal Offset: 0
INFO: Box Width: 0
INFO: Flags: 1
INFO: # 18
INFO: Width: 185
INFO: Height: 185
INFO: PosX: 372
INFO: PosY: 372
INFO: Group: 0
INFO: GroupSize: 0
INFO: TileY: 0
INFO: TileOrient: 0
INFO: Horizontal Offset: 0
INFO: Box Width: 0
INFO: Flags: 0
INFO: # 19
INFO: Width: 185
INFO: Height: 185
INFO: PosX: 558
INFO: PosY: 372
INFO: Group: 255
INFO: GroupSize: 255
INFO: TileY: 0
INFO: TileOrient: 0
INFO: Horizontal Offset: 0
INFO: Box Width: 0
INFO: Flags: 1
INFO: # 20
INFO: Width: 185
INFO: Height: 185
INFO: PosX: 744
INFO: PosY: 372
INFO: Group: 0
INFO: GroupSize: 0
INFO: TileY: 0
INFO: TileOrient: 0
INFO: Horizontal Offset: 0
INFO: Box Width: 0
INFO: Flags: 0
INFO: # 21
INFO: Width: 185
INFO: Height: 185
INFO: PosX: 930
INFO: PosY: 372
INFO: Group: 255
INFO: GroupSize: 255
INFO: TileY: 0
INFO: TileOrient: 0
INFO: Horizontal Offset: 0
INFO: Box Width: 0
INFO: Flags: 1
INFO: # 22
INFO: Width: 185
INFO: Height: 185
INFO: PosX: 1116
INFO: PosY: 372
INFO: Group: 0
INFO: GroupSize: 0
INFO: TileY: 0
INFO: TileOrient: 0
INFO: Horizontal Offset: 0
INFO: Box Width: 0
INFO: Flags: 0
INFO: # 23
INFO: Width: 185
INFO: Height: 185
INFO: PosX: 1302
INFO: PosY: 372
INFO: Group: 255
INFO: GroupSize: 255
INFO: TileY: 0
INFO: TileOrient: 0
INFO: Horizontal Offset: 0
INFO: Box Width: 0
INFO: Flags: 1
INFO: # 24
INFO: Width: 185
INFO: Height: 185
INFO: PosX: 0
INFO: PosY: 558
INFO: Group: 0
INFO: GroupSize: 0
INFO: TileY: 0
INFO: TileOrient: 0
INFO: Horizontal Offset: 0
INFO: Box Width: 0
INFO: Flags: 0
INFO: # 25
INFO: Width: 185
INFO: Height: 185
INFO: PosX: 0
INFO: PosY: 744
INFO: Group: 0
INFO: GroupSize: 0
INFO: TileY: 0
INFO: TileOrient: 0
INFO: Horizontal Offset: 0
INFO: Box Width: 0
INFO: Flags: 0
INFO: # 26
INFO: Width: 185
INFO: Height: 185
INFO: PosX: 186
INFO: PosY: 744
INFO: Group: 255
INFO: GroupSize: 255
INFO: TileY: 0
INFO: TileOrient: 0
INFO: Horizontal Offset: 0
INFO: Box Width: 0
INFO: Flags: 1
INFO: # 27
INFO: Width: 185
INFO: Height: 185
INFO: PosX: 372
INFO: PosY: 744
INFO: Group: 0
INFO: GroupSize: 0
INFO: TileY: 0
INFO: TileOrient: 0
INFO: Horizontal Offset: 0
INFO: Box Width: 0
INFO: Flags: 0
INFO: # 28
INFO: Width: 185
INFO: Height: 185
INFO: PosX: 558
INFO: PosY: 744
INFO: Group: 255
INFO: GroupSize: 255
INFO: TileY: 0
INFO: TileOrient: 0
INFO: Horizontal Offset: 0
INFO: Box Width: 0
INFO: Flags: 1
INFO: # 29
INFO: Width: 185
INFO: Height: 185
INFO: PosX: 744
INFO: PosY: 744
INFO: Group: 0
INFO: GroupSize: 0
INFO: TileY: 0
INFO: TileOrient: 0
INFO: Horizontal Offset: 0
INFO: Box Width: 0
INFO: Flags: 0
INFO: # 30
INFO: Width: 185
INFO: Height: 185
INFO: PosX: 930
INFO: PosY: 744
INFO: Group: 255
INFO: GroupSize: 255
INFO: TileY: 0
INFO: TileOrient: 0
INFO: Horizontal Offset: 0
INFO: Box Width: 0
INFO: Flags: 1
INFO: # 31
INFO: Width: 185
INFO: Height: 185
INFO: PosX: 1116
INFO: PosY: 744
INFO: Group: 0
INFO: GroupSize: 0
INFO: TileY: 0
INFO: TileOrient: 0
INFO: Horizontal Offset: 0
INFO: Box Width: 0
INFO: Flags: 0
INFO: # 32
INFO: Width: 185
INFO: Height: 185
INFO: PosX: 1302
INFO: PosY: 744
INFO: Group: 255
INFO: GroupSize: 255
INFO: TileY: 0
INFO: TileOrient: 0
INFO: Horizontal Offset: 0
INFO: Box Width: 0
INFO: Flags: 1
INFO: # 33
INFO: Width: 185
INFO: Height: 185
INFO: PosX: 0
INFO: PosY: 930
INFO: Group: 0
INFO: GroupSize: 0
INFO: TileY: 0
INFO: TileOrient: 0
INFO: Horizontal Offset: 0
INFO: Box Width: 0
INFO: Flags: 0
INFO: # 34
INFO: Width: 185
INFO: Height: 185
INFO: PosX: 186
INFO: PosY: 930
INFO: Group: 255
INFO: GroupSize: 255
INFO: TileY: 0
INFO: TileOrient: 0
INFO: Horizontal Offset: 0
INFO: Box Width: 0
INFO: Flags: 1
INFO: # 35
INFO: Width: 185
INFO: Height: 185
INFO: PosX: 372
INFO: PosY: 930
INFO: Group: 0
INFO: GroupSize: 0
INFO: TileY: 0
INFO: TileOrient: 0
INFO: Horizontal Offset: 0
INFO: Box Width: 0
INFO: Flags: 0
INFO: # 36
INFO: Width: 185
INFO: Height: 185
INFO: PosX: 558
INFO: PosY: 930
INFO: Group: 255
INFO: GroupSize: 255
INFO: TileY: 0
INFO: TileOrient: 0
INFO: Horizontal Offset: 0
INFO: Box Width: 0
INFO: Flags: 1
INFO: # 37
INFO: Width: 185
INFO: Height: 185
INFO: PosX: 744
INFO: PosY: 930
INFO: Group: 0
INFO: GroupSize: 0
INFO: TileY: 0
INFO: TileOrient: 0
INFO: Horizontal Offset: 0
INFO: Box Width: 0
INFO: Flags: 0
INFO: # 38
INFO: Width: 185
INFO: Height: 185
INFO: PosX: 930
INFO: PosY: 930
INFO: Group: 255
INFO: GroupSize: 255
INFO: TileY: 0
INFO: TileOrient: 0
INFO: Horizontal Offset: 0
INFO: Box Width: 0
INFO: Flags: 1
INFO: # 39
INFO: Width: 185
INFO: Height: 185
INFO: PosX: 1116
INFO: PosY: 930
INFO: Group: 0
INFO: GroupSize: 0
INFO: TileY: 0
INFO: TileOrient: 0
INFO: Horizontal Offset: 0
INFO: Box Width: 0
INFO: Flags: 0
INFO: # 40
INFO: Width: 185
INFO: Height: 185
INFO: PosX: 1302
INFO: PosY: 930
INFO: Group: 255
INFO: GroupSize: 255
INFO: TileY: 0
INFO: TileOrient: 0
INFO: Horizontal Offset: 0
INFO: Box Width: 0
INFO: Flags: 1
INFO: # 41
INFO: Width: 185
INFO: Height: 185
INFO: PosX: 0
INFO: PosY: 1116
INFO: Group: 0
INFO: GroupSize: 0
INFO: TileY: 0
INFO: TileOrient: 0
INFO: Horizontal Offset: 0
INFO: Box Width: 0
INFO: Flags: 0
INFO: # 42
INFO: Width: 185
INFO: Height: 185
INFO: PosX: 186
INFO: PosY: 1116
INFO: Group: 255
INFO: GroupSize: 255
INFO: TileY: 0
INFO: TileOrient: 0
INFO: Horizontal Offset: 0
INFO: Box Width: 0
INFO: Flags: 1
INFO: # 43
INFO: Width: 185
INFO: Height: 185
INFO: PosX: 372
INFO: PosY: 1116
INFO: Group: 0
INFO: GroupSize: 0
INFO: TileY: 0
INFO: TileOrient: 0
INFO: Horizontal Offset: 0
INFO: Box Width: 0
INFO: Flags: 0
INFO: # 44
INFO: Width: 185
INFO: Height: 185
INFO: PosX: 558
INFO: PosY: 1116
INFO: Group: 255
INFO: GroupSize: 255
INFO: TileY: 0
INFO: TileOrient: 0
INFO: Horizontal Offset: 0
INFO: Box Width: 0
INFO: Flags: 1
INFO: # 45
INFO: Width: 185
INFO: Height: 185
INFO: PosX: 744
INFO: PosY: 1116
INFO: Group: 0
INFO: GroupSize: 0
INFO: TileY: 0
INFO: TileOrient: 0
INFO: Horizontal Offset: 0
INFO: Box Width: 0
INFO: Flags: 0
INFO: # 46
INFO: Width: 185
INFO: Height: 185
INFO: PosX: 930
INFO: PosY: 1116
INFO: Group: 255
INFO: GroupSize: 255
INFO: TileY: 0
INFO: TileOrient: 0
INFO: Horizontal Offset: 0
INFO: Box Width: 0
INFO: Flags: 1
INFO: # 47
INFO: Width: 185
INFO: Height: 185
INFO: PosX: 1116
INFO: PosY: 1116
INFO: Group: 0
INFO: GroupSize: 0
INFO: TileY: 0
INFO: TileOrient: 0
INFO: Horizontal Offset: 0
INFO: Box Width: 0
INFO: Flags: 0
INFO: # 48
INFO: Width: 185
INFO: Height: 185
INFO: PosX: 1302
INFO: PosY: 1116
INFO: Group: 255
INFO: GroupSize: 255
INFO: TileY: 0
INFO: TileOrient: 0
INFO: Horizontal Offset: 0
INFO: Box Width: 0
INFO: Flags: 1
INFO: # 49
INFO: Width: 185
INFO: Height: 185
INFO: PosX: 0
INFO: PosY: 1302
INFO: Group: 0
INFO: GroupSize: 0
INFO: TileY: 0
INFO: TileOrient: 0
INFO: Horizontal Offset: 0
INFO: Box Width: 0
INFO: Flags: 0
INFO: # 50
INFO: Width: 185
INFO: Height: 185
INFO: PosX: 0
INFO: PosY: 1488
INFO: Group: 0
INFO: GroupSize: 0
INFO: TileY: 0
INFO: TileOrient: 0
INFO: Horizontal Offset: 0
INFO: Box Width: 0
INFO: Flags: 0
INFO: # 51
INFO: Width: 185
INFO: Height: 185
INFO: PosX: 186
INFO: PosY: 1488
INFO: Group: 255
INFO: GroupSize: 255
INFO: TileY: 0
INFO: TileOrient: 0
INFO: Horizontal Offset: 0
INFO: Box Width: 0
INFO: Flags: 1
INFO: # 52
INFO: Width: 185
INFO: Height: 185
INFO: PosX: 372
INFO: PosY: 1488
INFO: Group: 0
INFO: GroupSize: 0
INFO: TileY: 0
INFO: TileOrient: 0
INFO: Horizontal Offset: 0
INFO: Box Width: 0
INFO: Flags: 0
INFO: # 53
INFO: Width: 185
INFO: Height: 185
INFO: PosX: 558
INFO: PosY: 1488
INFO: Group: 255
INFO: GroupSize: 255
INFO: TileY: 0
INFO: TileOrient: 0
INFO: Horizontal Offset: 0
INFO: Box Width: 0
INFO: Flags: 1
INFO: # 54
INFO: Width: 185
INFO: Height: 185
INFO: PosX: 744
INFO: PosY: 1488
INFO: Group: 0
INFO: GroupSize: 0
INFO: TileY: 0
INFO: TileOrient: 0
INFO: Horizontal Offset: 0
INFO: Box Width: 0
INFO: Flags: 0
INFO: # 55
INFO: Width: 185
INFO: Height: 185
INFO: PosX: 930
INFO: PosY: 1488
INFO: Group: 255
INFO: GroupSize: 255
INFO: TileY: 0
INFO: TileOrient: 0
INFO: Horizontal Offset: 0
INFO: Box Width: 0
INFO: Flags: 1
INFO: # 56
INFO: Width: 185
INFO: Height: 185
INFO: PosX: 1116
INFO: PosY: 1488
INFO: Group: 0
INFO: GroupSize: 0
INFO: TileY: 0
INFO: TileOrient: 0
INFO: Horizontal Offset: 0
INFO: Box Width: 0
INFO: Flags: 0
INFO: # 57
INFO: Width: 185
INFO: Height: 185
INFO: PosX: 1302
INFO: PosY: 1488
INFO: Group: 255
INFO: GroupSize: 255
INFO: TileY: 0
INFO: TileOrient: 0
INFO: Horizontal Offset: 0
INFO: Box Width: 0
INFO: Flags: 1
INFO: # 58
INFO: Width: 185
INFO: Height: 185
INFO: PosX: 0
INFO: PosY: 1674
INFO: Group: 0
INFO: GroupSize: 0
INFO: TileY: 0
INFO: TileOrient: 0
INFO: Horizontal Offset: 0
INFO: Box Width: 0
INFO: Flags: 0
INFO: # 59
INFO: Width: 185
INFO: Height: 185
INFO: PosX: 186
INFO: PosY: 1674
INFO: Group: 255
INFO: GroupSize: 255
INFO: TileY: 0
INFO: TileOrient: 0
INFO: Horizontal Offset: 0
INFO: Box Width: 0
INFO: Flags: 1
INFO: # 60
INFO: Width: 185
INFO: Height: 185
INFO: PosX: 372
INFO: PosY: 1674
INFO: Group: 0
INFO: GroupSize: 0
INFO: TileY: 0
INFO: TileOrient: 0
INFO: Horizontal Offset: 0
INFO: Box Width: 0
INFO: Flags: 0
INFO: # 61
INFO: Width: 185
INFO: Height: 185
INFO: PosX: 558
INFO: PosY: 1674
INFO: Group: 255
INFO: GroupSize: 255
INFO: TileY: 0
INFO: TileOrient: 0
INFO: Horizontal Offset: 0
INFO: Box Width: 0
INFO: Flags: 1
INFO: # 62
INFO: Width: 185
INFO: Height: 185
INFO: PosX: 744
INFO: PosY: 1674
INFO: Group: 0
INFO: GroupSize: 0
INFO: TileY: 0
INFO: TileOrient: 0
INFO: Horizontal Offset: 0
INFO: Box Width: 0
INFO: Flags: 0
INFO: # 63
INFO: Width: 185
INFO: Height: 185
INFO: PosX: 930
INFO: PosY: 1674
INFO: Group: 255
INFO: GroupSize: 255
INFO: TileY: 0
INFO: TileOrient: 0
INFO: Horizontal Offset: 0
INFO: Box Width: 0
INFO: Flags: 1
INFO: # 64
INFO: Width: 185
INFO: Height: 185
INFO: PosX: 1116
INFO: PosY: 1674
INFO: Group: 0
INFO: GroupSize: 0
INFO: TileY: 0
INFO: TileOrient: 0
INFO: Horizontal Offset: 0
INFO: Box Width: 0
INFO: Flags: 0
INFO: # 65
INFO: Width: 185
INFO: Height: 185
INFO: PosX: 1302
INFO: PosY: 1674
INFO: Group: 255
INFO: GroupSize: 255
INFO: TileY: 0
INFO: TileOrient: 0
INFO: Horizontal Offset: 0
INFO: Box Width: 0
INFO: Flags: 1
INFO: # 66
INFO: Width: 185
INFO: Height: 185
INFO: PosX: 0
INFO: PosY: 1860
INFO: Group: 0
INFO: GroupSize: 0
INFO: TileY: 0
INFO: TileOrient: 0
INFO: Horizontal Offset: 0
INFO: Box Width: 0
INFO: Flags: 0
INFO: # 67
INFO: Width: 185
INFO: Height: 185
INFO: PosX: 186
INFO: PosY: 1860
INFO: Group: 255
INFO: GroupSize: 255
INFO: TileY: 0
INFO: TileOrient: 0
INFO: Horizontal Offset: 0
INFO: Box Width: 0
INFO: Flags: 1
INFO: # 68
INFO: Width: 185
INFO: Height: 185
INFO: PosX: 372
INFO: PosY: 1860
INFO: Group: 0
INFO: GroupSize: 0
INFO: TileY: 0
INFO: TileOrient: 0
INFO: Horizontal Offset: 0
INFO: Box Width: 0
INFO: Flags: 0
INFO: # 69
INFO: Width: 185
INFO: Height: 185
INFO: PosX: 558
INFO: PosY: 1860
INFO: Group: 255
INFO: GroupSize: 255
INFO: TileY: 0
INFO: TileOrient: 0
INFO: Horizontal Offset: 0
INFO: Box Width: 0
INFO: Flags: 1
INFO: # 70
INFO: Width: 185
INFO: Height: 185
INFO: PosX: 744
INFO: PosY: 1860
INFO: Group: 0
INFO: GroupSize: 0
INFO: TileY: 0
INFO: TileOrient: 0
INFO: Horizontal Offset: 0
INFO: Box Width: 0
INFO: Flags: 0
INFO: # 71
INFO: Width: 185
INFO: Height: 185
INFO: PosX: 930
INFO: PosY: 1860
INFO: Group: 255
INFO: GroupSize: 255
INFO: TileY: 0
INFO: TileOrient: 0
INFO: Horizontal Offset: 0
INFO: Box Width: 0
INFO: Flags: 1
INFO: # 72
INFO: Width: 185
INFO: Height: 185
INFO: PosX: 1116
INFO: PosY: 1860
INFO: Group: 0
INFO: GroupSize: 0
INFO: TileY: 0
INFO: TileOrient: 0
INFO: Horizontal Offset: 0
INFO: Box Width: 0
INFO: Flags: 0
INFO: # 73
INFO: Width: 185
INFO: Height: 185
INFO: PosX: 1302
INFO: PosY: 1860
INFO: Group: 255
INFO: GroupSize: 255
INFO: TileY: 0
INFO: TileOrient: 0
INFO: Horizontal Offset: 0
INFO: Box Width: 0
INFO: Flags: 1
INFO: # 74
INFO: Width: 185
INFO: Height: 185
INFO: PosX: 0
INFO: PosY: 2046
INFO: Group: 0
INFO: GroupSize: 0
INFO: TileY: 0
INFO: TileOrient: 0
INFO: Horizontal Offset: 0
INFO: Box Width: 0
INFO: Flags: 0
INFO: # 75
INFO: Width: 185
INFO: Height: 185
INFO: PosX: 0
INFO: PosY: 2232
INFO: Group: 0
INFO: GroupSize: 0
INFO: TileY: 0
INFO: TileOrient: 0
INFO: Horizontal Offset: 0
INFO: Box Width: 0
INFO: Flags: 0
INFO: # 76
INFO: Width: 185
INFO: Height: 185
INFO: PosX: 186
INFO: PosY: 2232
INFO: Group: 255
INFO: GroupSize: 255
INFO: TileY: 0
INFO: TileOrient: 0
INFO: Horizontal Offset: 0
INFO: Box Width: 0
INFO: Flags: 1
INFO: # 77
INFO: Width: 185
INFO: Height: 185
INFO: PosX: 372
INFO: PosY: 2232
INFO: Group: 0
INFO: GroupSize: 0
INFO: TileY: 0
INFO: TileOrient: 0
INFO: Horizontal Offset: 0
INFO: Box Width: 0
INFO: Flags: 0
INFO: # 78
INFO: Width: 185
INFO: Height: 185
INFO: PosX: 558
INFO: PosY: 2232
INFO: Group: 255
INFO: GroupSize: 255
INFO: TileY: 0
INFO: TileOrient: 0
INFO: Horizontal Offset: 0
INFO: Box Width: 0
INFO: Flags: 1
INFO: # 79
INFO: Width: 185
INFO: Height: 185
INFO: PosX: 744
INFO: PosY: 2232
INFO: Group: 0
INFO: GroupSize: 0
INFO: TileY: 0
INFO: TileOrient: 0
INFO: Horizontal Offset: 0
INFO: Box Width: 0
INFO: Flags: 0
INFO: # 80
INFO: Width: 185
INFO: Height: 185
INFO: PosX: 930
INFO: PosY: 2232
INFO: Group: 255
INFO: GroupSize: 255
INFO: TileY: 0
INFO: TileOrient: 0
INFO: Horizontal Offset: 0
INFO: Box Width: 0
INFO: Flags: 1
INFO: # 81
INFO: Width: 185
INFO: Height: 185
INFO: PosX: 1116
INFO: PosY: 2232
INFO: Group: 0
INFO: GroupSize: 0
INFO: TileY: 0
INFO: TileOrient: 0
INFO: Horizontal Offset: 0
INFO: Box Width: 0
INFO: Flags: 0
INFO: # 82
INFO: Width: 185
INFO: Height: 185
INFO: PosX: 1302
INFO: PosY: 2232
INFO: Group: 255
INFO: GroupSize: 255
INFO: TileY: 0
INFO: TileOrient: 0
INFO: Horizontal Offset: 0
INFO: Box Width: 0
INFO: Flags: 1
INFO: # 83
INFO: Width: 185
INFO: Height: 185
INFO: PosX: 0
INFO: PosY: 2418
INFO: Group: 0
INFO: GroupSize: 0
INFO: TileY: 0
INFO: TileOrient: 0
INFO: Horizontal Offset: 0
INFO: Box Width: 0
INFO: Flags: 0
INFO: # 84
INFO: Width: 185
INFO: Height: 185
INFO: PosX: 186
INFO: PosY: 2418
INFO: Group: 255
INFO: GroupSize: 255
INFO: TileY: 0
INFO: TileOrient: 0
INFO: Horizontal Offset: 0
INFO: Box Width: 0
INFO: Flags: 1
INFO: # 85
INFO: Width: 185
INFO: Height: 185
INFO: PosX: 372
INFO: PosY: 2418
INFO: Group: 0
INFO: GroupSize: 0
INFO: TileY: 0
INFO: TileOrient: 0
INFO: Horizontal Offset: 0
INFO: Box Width: 0
INFO: Flags: 0
INFO: # 86
INFO: Width: 185
INFO: Height: 185
INFO: PosX: 558
INFO: PosY: 2418
INFO: Group: 255
INFO: GroupSize: 255
INFO: TileY: 0
INFO: TileOrient: 0
INFO: Horizontal Offset: 0
INFO: Box Width: 0
INFO: Flags: 1
INFO: # 87
INFO: Width: 185
INFO: Height: 185
INFO: PosX: 744
INFO: PosY: 2418
INFO: Group: 0
INFO: GroupSize: 0
INFO: TileY: 0
INFO: TileOrient: 0
INFO: Horizontal Offset: 0
INFO: Box Width: 0
INFO: Flags: 0
INFO: # 88
INFO: Width: 185
INFO: Height: 185
INFO: PosX: 930
INFO: PosY: 2418
INFO: Group: 255
INFO: GroupSize: 255
INFO: TileY: 0
INFO: TileOrient: 0
INFO: Horizontal Offset: 0
INFO: Box Width: 0
INFO: Flags: 1
INFO: # 89
INFO: Width: 185
INFO: Height: 185
INFO: PosX: 1116
INFO: PosY: 2418
INFO: Group: 0
INFO: GroupSize: 0
INFO: TileY: 0
INFO: TileOrient: 0
INFO: Horizontal Offset: 0
INFO: Box Width: 0
INFO: Flags: 0
INFO: # 90
INFO: Width: 185
INFO: Height: 185
INFO: PosX: 1302
INFO: PosY: 2418
INFO: Group: 255
INFO: GroupSize: 255
INFO: TileY: 0
INFO: TileOrient: 0
INFO: Horizontal Offset: 0
INFO: Box Width: 0
INFO: Flags: 1
INFO: # 91
INFO: Width: 185
INFO: Height: 185
INFO: PosX: 0
INFO: PosY: 2604
INFO: Group: 0
INFO: GroupSize: 0
INFO: TileY: 0
INFO: TileOrient: 0
INFO: Horizontal Offset: 0
INFO: Box Width: 0
INFO: Flags: 0
INFO: # 92
INFO: Width: 185
INFO: Height: 185
INFO: PosX: 186
INFO: PosY: 2604
INFO: Group: 255
INFO: GroupSize: 255
INFO: TileY: 0
INFO: TileOrient: 0
INFO: Horizontal Offset: 0
INFO: Box Width: 0
INFO: Flags: 1
INFO: # 93
INFO: Width: 185
INFO: Height: 185
INFO: PosX: 372
INFO: PosY: 2604
INFO: Group: 0
INFO: GroupSize: 0
INFO: TileY: 0
INFO: TileOrient: 0
INFO: Horizontal Offset: 0
INFO: Box Width: 0
INFO: Flags: 0
INFO: # 94
INFO: Width: 185
INFO: Height: 185
INFO: PosX: 558
INFO: PosY: 2604
INFO: Group: 255
INFO: GroupSize: 255
INFO: TileY: 0
INFO: TileOrient: 0
INFO: Horizontal Offset: 0
INFO: Box Width: 0
INFO: Flags: 1
INFO: # 95
INFO: Width: 185
INFO: Height: 185
INFO: PosX: 744
INFO: PosY: 2604
INFO: Group: 0
INFO: GroupSize: 0
INFO: TileY: 0
INFO: TileOrient: 0
INFO: Horizontal Offset: 0
INFO: Box Width: 0
INFO: Flags: 0
INFO: # 96
INFO: Width: 185
INFO: Height: 185
INFO: PosX: 930
INFO: PosY: 2604
INFO: Group: 255
INFO: GroupSize: 255
INFO: TileY: 0
INFO: TileOrient: 0
INFO: Horizontal Offset: 0
INFO: Box Width: 0
INFO: Flags: 1
INFO: # 97
INFO: Width: 185
INFO: Height: 185
INFO: PosX: 1116
INFO: PosY: 2604
INFO: Group: 0
INFO: GroupSize: 0
INFO: TileY: 0
INFO: TileOrient: 0
INFO: Horizontal Offset: 0
INFO: Box Width: 0
INFO: Flags: 0
INFO: # 98
INFO: Width: 185
INFO: Height: 185
INFO: PosX: 1302
INFO: PosY: 2604
INFO: Group: 255
INFO: GroupSize: 255
INFO: TileY: 0
INFO: TileOrient: 0
INFO: Horizontal Offset: 0
INFO: Box Width: 0
INFO: Flags: 1
INFO: # 99
INFO: Width: 185
INFO: Height: 185
INFO: PosX: 0
INFO: PosY: 2790
INFO: Group: 0
INFO: GroupSize: 0
INFO: TileY: 0
INFO: TileOrient: 0
INFO: Horizontal Offset: 0
INFO: Box Width: 0
INFO: Flags: 0
INFO: # 100
INFO: Width: 185
INFO: Height: 185
INFO: PosX: 0
INFO: PosY: 2976
INFO: Group: 0
INFO: GroupSize: 0
INFO: TileY: 0
INFO: TileOrient: 0
INFO: Horizontal Offset: 0
INFO: Box Width: 0
INFO: Flags: 0
INFO: # 101
INFO: Width: 185
INFO: Height: 185
INFO: PosX: 186
INFO: PosY: 2976
INFO: Group: 255
INFO: GroupSize: 255
INFO: TileY: 0
INFO: TileOrient: 0
INFO: Horizontal Offset: 0
INFO: Box Width: 0
INFO: Flags: 1
INFO: # 102
INFO: Width: 185
INFO: Height: 185
INFO: PosX: 372
INFO: PosY: 2976
INFO: Group: 0
INFO: GroupSize: 0
INFO: TileY: 0
INFO: TileOrient: 0
INFO: Horizontal Offset: 0
INFO: Box Width: 0
INFO: Flags: 0
INFO: # 103
INFO: Width: 185
INFO: Height: 185
INFO: PosX: 558
INFO: PosY: 2976
INFO: Group: 255
INFO: GroupSize: 255
INFO: TileY: 0
INFO: TileOrient: 0
INFO: Horizontal Offset: 0
INFO: Box Width: 0
INFO: Flags: 1
INFO: # 104
INFO: Width: 185
INFO: Height: 185
INFO: PosX: 744
INFO: PosY: 2976
INFO: Group: 0
INFO: GroupSize: 0
INFO: TileY: 0
INFO: TileOrient: 0
INFO: Horizontal Offset: 0
INFO: Box Width: 0
INFO: Flags: 0
INFO: # 105
INFO: Width: 185
INFO: Height: 185
INFO: PosX: 930
INFO: PosY: 2976
INFO: Group: 255
INFO: GroupSize: 255
INFO: TileY: 0
INFO: TileOrient: 0
INFO: Horizontal Offset: 0
INFO: Box Width: 0
INFO: Flags: 1
INFO: # 106
INFO: Width: 185
INFO: Height: 185
INFO: PosX: 1116
INFO: PosY: 2976
INFO: Group: 0
INFO: GroupSize: 0
INFO: TileY: 0
INFO: TileOrient: 0
INFO: Horizontal Offset: 0
INFO: Box Width: 0
INFO: Flags: 0
INFO: # 107
INFO: Width: 185
INFO: Height: 185
INFO: PosX: 1302
INFO: PosY: 2976
INFO: Group: 255
INFO: GroupSize: 255
INFO: TileY: 0
INFO: TileOrient: 0
INFO: Horizontal Offset: 0
INFO: Box Width: 0
INFO: Flags: 1
INFO: # 108
INFO: Width: 185
INFO: Height: 185
INFO: PosX: 0
INFO: PosY: 3162
INFO: Group: 0
INFO: GroupSize: 0
INFO: TileY: 0
INFO: TileOrient: 0
INFO: Horizontal Offset: 0
INFO: Box Width: 0
INFO: Flags: 0
INFO: # 109
INFO: Width: 185
INFO: Height: 185
INFO: PosX: 186
INFO: PosY: 3162
INFO: Group: 0
INFO: GroupSize: 0
INFO: TileY: 0
INFO: TileOrient: 0
INFO: Horizontal Offset: 0
INFO: Box Width: 0
INFO: Flags: 0
INFO: # 110
INFO: Width: 185
INFO: Height: 185
INFO: PosX: 372
INFO: PosY: 3162
INFO: Group: 0
INFO: GroupSize: 0
INFO: TileY: 0
INFO: TileOrient: 0
INFO: Horizontal Offset: 0
INFO: Box Width: 0
INFO: Flags: 0
INFO: # 111
INFO: Width: 185
INFO: Height: 185
INFO: PosX: 558
INFO: PosY: 3162
INFO: Group: 0
INFO: GroupSize: 0
INFO: TileY: 0
INFO: TileOrient: 0
INFO: Horizontal Offset: 0
INFO: Box Width: 0
INFO: Flags: 0
INFO: # 112
INFO: Width: 185
INFO: Height: 185
INFO: PosX: 744
INFO: PosY: 3162
INFO: Group: 0
INFO: GroupSize: 0
INFO: TileY: 0
INFO: TileOrient: 0
INFO: Horizontal Offset: 0
INFO: Box Width: 0
INFO: Flags: 0
INFO: # 113
INFO: Width: 185
INFO: Height: 185
INFO: PosX: 930
INFO: PosY: 3162
INFO: Group: 0
INFO: GroupSize: 0
INFO: TileY: 0
INFO: TileOrient: 0
INFO: Horizontal Offset: 0
INFO: Box Width: 0
INFO: Flags: 0
INFO: # 114
INFO: Width: 185
INFO: Height: 185
INFO: PosX: 1116
INFO: PosY: 3162
INFO: Group: 0
INFO: GroupSize: 0
INFO: TileY: 0
INFO: TileOrient: 0
INFO: Horizontal Offset: 0
INFO: Box Width: 0
INFO: Flags: 0
INFO: # 115
INFO: Width: 185
INFO: Height: 185
INFO: PosX: 1302
INFO: PosY: 3162
INFO: Group: 0
INFO: GroupSize: 0
INFO: TileY: 0
INFO: TileOrient: 0
INFO: Horizontal Offset: 0
INFO: Box Width: 0
INFO: Flags: 0
INFO: # 116
INFO: Width: 185
INFO: Height: 185
INFO: PosX: 1488
INFO: PosY: 3162
INFO: Group: 0
INFO: GroupSize: 0
INFO: TileY: 0
INFO: TileOrient: 0
INFO: Horizontal Offset: 0
INFO: Box Width: 0
INFO: Flags: 0
INFO: # 117
INFO: Width: 185
INFO: Height: 185
INFO: PosX: 0
INFO: PosY: 3348
INFO: Group: 0
INFO: GroupSize: 0
INFO: TileY: 0
INFO: TileOrient: 0
INFO: Horizontal Offset: 0
INFO: Box Width: 0
INFO: Flags: 0
INFO: # 118
INFO: Width: 185
INFO: Height: 185
INFO: PosX: 186
INFO: PosY: 3348
INFO: Group: 255
INFO: GroupSize: 255
INFO: TileY: 0
INFO: TileOrient: 0
INFO: Horizontal Offset: 0
INFO: Box Width: 0
INFO: Flags: 1
INFO: # 119
INFO: Width: 185
INFO: Height: 185
INFO: PosX: 372
INFO: PosY: 3348
INFO: Group: 0
INFO: GroupSize: 0
INFO: TileY: 0
INFO: TileOrient: 0
INFO: Horizontal Offset: 0
INFO: Box Width: 0
INFO: Flags: 0
INFO: # 120
INFO: Width: 185
INFO: Height: 185
INFO: PosX: 558
INFO: PosY: 3348
INFO: Group: 255
INFO: GroupSize: 255
INFO: TileY: 0
INFO: TileOrient: 0
INFO: Horizontal Offset: 0
INFO: Box Width: 0
INFO: Flags: 1
INFO: # 121
INFO: Width: 185
INFO: Height: 185
INFO: PosX: 744
INFO: PosY: 3348
INFO: Group: 0
INFO: GroupSize: 0
INFO: TileY: 0
INFO: TileOrient: 0
INFO: Horizontal Offset: 0
INFO: Box Width: 0
INFO: Flags: 0
INFO: # 122
INFO: Width: 185
INFO: Height: 185
INFO: PosX: 930
INFO: PosY: 3348
INFO: Group: 255
INFO: GroupSize: 255
INFO: TileY: 0
INFO: TileOrient: 0
INFO: Horizontal Offset: 0
INFO: Box Width: 0
INFO: Flags: 1
INFO: # 123
INFO: Width: 185
INFO: Height: 185
INFO: PosX: 1116
INFO: PosY: 3348
INFO: Group: 0
INFO: GroupSize: 0
INFO: TileY: 0
INFO: TileOrient: 0
INFO: Horizontal Offset: 0
INFO: Box Width: 0
INFO: Flags: 0
INFO: # 124
INFO: Width: 185
INFO: Height: 185
INFO: PosX: 1302
INFO: PosY: 3348
INFO: Group: 255
INFO: GroupSize: 255
INFO: TileY: 0
INFO: TileOrient: 0
INFO: Horizontal Offset: 0
INFO: Box Width: 0
INFO: Flags: 1
INFO: # 125
INFO: Width: 185
INFO: Height: 185
INFO: PosX: 0
INFO: PosY: 3534
INFO: Group: 0
INFO: GroupSize: 0
INFO: TileY: 0
INFO: TileOrient: 0
INFO: Horizontal Offset: 0
INFO: Box Width: 0
INFO: Flags: 0
INFO: # 126
INFO: Width: 185
INFO: Height: 185
INFO: PosX: 186
INFO: PosY: 3534
INFO: Group: 0
INFO: GroupSize: 0
INFO: TileY: 0
INFO: TileOrient: 0
INFO: Horizontal Offset: 0
INFO: Box Width: 0
INFO: Flags: 0
INFO: # 127
INFO: Width: 185
INFO: Height: 185
INFO: PosX: 372
INFO: PosY: 3534
INFO: Group: 0
INFO: GroupSize: 0
INFO: TileY: 0
INFO: TileOrient: 0
INFO: Horizontal Offset: 0
INFO: Box Width: 0
INFO: Flags: 0
INFO: # 128
INFO: Width: 185
INFO: Height: 185
INFO: PosX: 558
INFO: PosY: 3534
INFO: Group: 0
INFO: GroupSize: 0
INFO: TileY: 0
INFO: TileOrient: 0
INFO: Horizontal Offset: 0
INFO: Box Width: 0
INFO: Flags: 0
INFO: # 129
INFO: Width: 185
INFO: Height: 185
INFO: PosX: 0
INFO: PosY: 3720
INFO: Group: 0
INFO: GroupSize: 0
INFO: TileY: 0
INFO: TileOrient: 0
INFO: Horizontal Offset: 0
INFO: Box Width: 0
INFO: Flags: 0
INFO: # 130
INFO: Width: 185
INFO: Height: 185
INFO: PosX: 186
INFO: PosY: 3720
INFO: Group: 255
INFO: GroupSize: 255
INFO: TileY: 0
INFO: TileOrient: 0
INFO: Horizontal Offset: 0
INFO: Box Width: 0
INFO: Flags: 1
INFO: # 131
INFO: Width: 185
INFO: Height: 185
INFO: PosX: 372
INFO: PosY: 3720
INFO: Group: 0
INFO: GroupSize: 0
INFO: TileY: 0
INFO: TileOrient: 0
INFO: Horizontal Offset: 0
INFO: Box Width: 0
INFO: Flags: 0
INFO: # 132
INFO: Width: 185
INFO: Height: 185
INFO: PosX: 558
INFO: PosY: 3720
INFO: Group: 255
INFO: GroupSize: 255
INFO: TileY: 0
INFO: TileOrient: 0
INFO: Horizontal Offset: 0
INFO: Box Width: 0
INFO: Flags: 1
INFO: # 133
INFO: Width: 185
INFO: Height: 185
INFO: PosX: 744
INFO: PosY: 3720
INFO: Group: 0
INFO: GroupSize: 0
INFO: TileY: 0
INFO: TileOrient: 0
INFO: Horizontal Offset: 0
INFO: Box Width: 0
INFO: Flags: 0
INFO: # 134
INFO: Width: 185
INFO: Height: 185
INFO: PosX: 930
INFO: PosY: 3720
INFO: Group: 255
INFO: GroupSize: 255
INFO: TileY: 0
INFO: TileOrient: 0
INFO: Horizontal Offset: 0
INFO: Box Width: 0
INFO: Flags: 1
INFO: # 135
INFO: Width: 185
INFO: Height: 185
INFO: PosX: 1116
INFO: PosY: 3720
INFO: Group: 0
INFO: GroupSize: 0
INFO: TileY: 0
INFO: TileOrient: 0
INFO: Horizontal Offset: 0
INFO: Box Width: 0
INFO: Flags: 0
INFO: # 136
INFO: Width: 185
INFO: Height: 185
INFO: PosX: 1302
INFO: PosY: 3720
INFO: Group: 255
INFO: GroupSize: 255
INFO: TileY: 0
INFO: TileOrient: 0
INFO: Horizontal Offset: 0
INFO: Box Width: 0
INFO: Flags: 1
INFO: # 137
INFO: Width: 185
INFO: Height: 185
INFO: PosX: 0
INFO: PosY: 3906
INFO: Group: 0
INFO: GroupSize: 0
INFO: TileY: 0
INFO: TileOrient: 0
INFO: Horizontal Offset: 0
INFO: Box Width: 0
INFO: Flags: 0
INFO: # 138
INFO: Width: 185
INFO: Height: 185
INFO: PosX: 186
INFO: PosY: 3906
INFO: Group: 0
INFO: GroupSize: 0
INFO: TileY: 0
INFO: TileOrient: 0
INFO: Horizontal Offset: 0
INFO: Box Width: 0
INFO: Flags: 0
INFO: # 139
INFO: Width: 185
INFO: Height: 185
INFO: PosX: 0
INFO: PosY: 4092
INFO: Group: 0
INFO: GroupSize: 0
INFO: TileY: 0
INFO: TileOrient: 0
INFO: Horizontal Offset: 0
INFO: Box Width: 0
INFO: Flags: 0
INFO: # 140
INFO: Width: 185
INFO: Height: 185
INFO: PosX: 186
INFO: PosY: 4092
INFO: Group: 255
INFO: GroupSize: 255
INFO: TileY: 0
INFO: TileOrient: 0
INFO: Horizontal Offset: 0
INFO: Box Width: 0
INFO: Flags: 1
INFO: # 141
INFO: Width: 185
INFO: Height: 185
INFO: PosX: 372
INFO: PosY: 4092
INFO: Group: 0
INFO: GroupSize: 0
INFO: TileY: 0
INFO: TileOrient: 0
INFO: Horizontal Offset: 0
INFO: Box Width: 0
INFO: Flags: 0
INFO: # 142
INFO: Width: 185
INFO: Height: 185
INFO: PosX: 558
INFO: PosY: 4092
INFO: Group: 255
INFO: GroupSize: 255
INFO: TileY: 0
INFO: TileOrient: 0
INFO: Horizontal Offset: 0
INFO: Box Width: 0
INFO: Flags: 1
INFO: # 143
INFO: Width: 185
INFO: Height: 185
INFO: PosX: 744
INFO: PosY: 4092
INFO: Group: 0
INFO: GroupSize: 0
INFO: TileY: 0
INFO: TileOrient: 0
INFO: Horizontal Offset: 0
INFO: Box Width: 0
INFO: Flags: 0
INFO: # 144
INFO: Width: 185
INFO: Height: 185
INFO: PosX: 930
INFO: PosY: 4092
INFO: Group: 255
INFO: GroupSize: 255
INFO: TileY: 0
INFO: TileOrient: 0
INFO: Horizontal Offset: 0
INFO: Box Width: 0
INFO: Flags: 1
INFO: # 145
INFO: Width: 185
INFO: Height: 185
INFO: PosX: 0
INFO: PosY: 4278
INFO: Group: 0
INFO: GroupSize: 0
INFO: TileY: 0
INFO: TileOrient: 0
INFO: Horizontal Offset: 0
INFO: Box Width: 0
INFO: Flags: 0
INFO: # 146
INFO: Width: 185
INFO: Height: 185
INFO: PosX: 0
INFO: PosY: 4464
INFO: Group: 0
INFO: GroupSize: 0
INFO: TileY: 0
INFO: TileOrient: 0
INFO: Horizontal Offset: 0
INFO: Box Width: 0
INFO: Flags: 0
INFO: # 147
INFO: Width: 185
INFO: Height: 185
INFO: PosX: 186
INFO: PosY: 4464
INFO: Group: 0
INFO: GroupSize: 0
INFO: TileY: 0
INFO: TileOrient: 0
INFO: Horizontal Offset: 0
INFO: Box Width: 0
INFO: Flags: 0
terminate called after throwing an instance of 'FormatError'
  what():  Invalid image class
